    1 NTR 7.113182364587753    A  
    1 LYS 11.31802785812148    A  
    7 GLU 2.6284128274282335   A  
   13 LYS 11.369656810173128   A  
   15 HIS 5.490390231437541    A  
   18 ASP 3.1064590747330962   A  
   20 TYR 9.342116281851895    A  
   23 TYR 9.346418205272919    A  
   24 SER None                 A  
   33 LYS 10.337691442258837   A  
   35 GLU 4.829953527672159    A  
   36 SER None                 A  
   40 THR None                 A  
   43 THR None                 A  
   47 THR None                 A  
   48 ASP 1.1292975865209471   A  
   50 SER None                 A  
   51 THR None                 A  
   52 ASP 3.2996029985805535   A  
   53 TYR 11.67666890180301    A  
   60 SER None                 A  
   66 ASP 2.0250370567443277   A  
   69 THR None                 A  
   72 SER None                 A  
   81 SER None                 A  
   85 SER None                 A  
   86 SER None                 A  
   87 ASP 1.9642460684551342   A  
   89 THR None                 A  
   91 SER None                 A  
   96 LYS 11.496519200538962   A  
   97 LYS 10.948092783505155   A  
  100 SER None                 A  
  101 ASP 3.516818796484111    A  
  116 LYS 10.55550244723157    A  
  118 THR None                 A  
  119 ASP 1.9551706159433317   A  
  129 CTR 1.3724050029342725   A  
