1 NTR 7.220593791636009
1 LYS 11.140096618357488
7 GLU 2.917617173254191
13 LYS 11.233021903105122
15 HIS 5.856799267007712
18 ASP 3.0729408768187465
20 TYR 9.15724994589348
23 TYR 9.17735210667235
33 LYS 10.655220807716693
35 GLU 4.7447109198675355
48 ASP 1.1823823478710567
52 ASP 3.3201924152589775
53 TYR 11.042719837916636
66 ASP 1.382684809068241
87 ASP 1.579569036936176
96 LYS 11.263356497317538
97 LYS 10.938655114197433
101 ASP 3.372588195831936
116 LYS 10.699534194071814
119 ASP 2.537032074301509
129 CTR 1.8934801147375766
