1 NTR 6.61124415299568
1 LYS 10.389805074878549
7 GLU 2.8735404650415
13 LYS 11.249078152207312
15 HIS 5.552249755461363
18 ASP 2.8705045843582915
20 TYR 10.16416384139151
23 TYR 9.667078443483632
33 LYS 8.798905222764594
35 GLU 4.81446689003635
48 ASP 1.384602506214804
52 ASP 2.3580872342653683
53 TYR 11.553369357144588
66 ASP 2.0615205966023242
87 ASP 1.7548053952736227
96 LYS 11.412833837829151
97 LYS 11.262306220469366
101 ASP 3.679691437838312
116 LYS 10.076601516370296
119 ASP 2.37312411673658
129 CTR 2.034568011135569
