1 NTR 6.553327402135231
1 LYS 10.434919082340388
7 GLU 2.926097526601367
13 LYS 11.257595415720619
15 HIS 5.652734095782702
18 ASP 2.9220539647577093
20 TYR 10.224355561471228
23 TYR 9.602576758804094
33 LYS 8.87314442348083
35 GLU 4.714609338039958
48 ASP 1.4235099471369195
52 ASP 2.428426440737799
53 TYR 11.667186317269222
66 ASP 1.994716902105624
87 ASP 1.667040115648717
96 LYS 11.520591510686598
97 LYS 11.283846908734052
101 ASP 3.63574923439755
116 LYS 10.179881910677073
119 ASP 2.4310249613430526
129 CTR 1.9309569195577583
