1 NTR 6.53600902801629
1 LYS 10.445383316908487
7 GLU 2.9005759249164553
13 LYS 11.283612873505454
15 HIS 5.632425270511714
18 ASP 2.8974176248912937
20 TYR 10.266509433962264
23 TYR 9.60535252175622
33 LYS 8.843192044091925
35 GLU 4.671106205287876
48 ASP 1.4663550323176362
52 ASP 2.424644193877671
53 TYR 11.635500711912671
66 ASP 1.9929215503717779
87 ASP 1.6385975457049837
96 LYS 11.483201301457067
97 LYS 11.309502401368452
101 ASP 3.6134053241564814
116 LYS 10.197889508226197
119 ASP 2.445030284976666
129 CTR 1.914506915923146
