1 NTR 6.867577410042078
1 LYS 9.759882285645471
7 GLU 3.246255235156203
13 LYS 9.811815027488064
15 HIS 3.7407273124888496
18 ASP 3.245619265710263
20 TYR 9.7802956087905
23 TYR 9.750618762275042
33 LYS 9.734125787680526
35 GLU 3.3040931211765243
48 ASP 3.096442354518272
52 ASP 3.2154727576263467
53 TYR 9.905139716899091
66 ASP 3.2078422334891683
87 ASP 3.1764498348451227
96 LYS 9.894952254586485
97 LYS 9.832506088962953
101 ASP 3.2543143393863487
116 LYS 9.754722843026228
119 ASP 3.2379884705386104
129 CTR 3.208555323717689
