#pH       total     NTR    1LYS    7GLU   13LYS   15HIS   18ASP   20TYR   23TYR   33LYS   35GLU   48ASP   52ASP   53TYR   66ASP   87ASP   96LYS   97LYS  101ASP  116LYS  119ASP     CTR
 0.00	 1.0000	 1.0000	 0.9985	 1.0000	 1.0000	 0.9982	 1.0000	 1.0000	 1.0000	 0.9998	 0.9549	 0.9889	 1.0000	 0.9872	 0.9779	 1.0000	 1.0000	 0.9997	 1.0000	 0.9960	 0.9873
 0.25	 1.0000	 1.0000	 0.9971	 1.0000	 0.9999	 0.9965	 1.0000	 1.0000	 1.0000	 0.9998	 0.9244	 0.9809	 1.0000	 0.9777	 0.9623	 1.0000	 1.0000	 0.9995	 1.0000	 0.9930	 0.9777
 0.50	 1.0000	 1.0000	 0.9949	 1.0000	 0.9999	 0.9945	 1.0000	 1.0000	 1.0000	 0.9996	 0.8747	 0.9674	 1.0000	 0.9581	 0.9340	 1.0000	 1.0000	 0.9992	 1.0000	 0.9875	 0.9617
 0.75	 1.0000	 1.0000	 0.9910	 1.0000	 0.9999	 0.9901	 1.0000	 1.0000	 1.0000	 0.9992	 0.8001	 0.9482	 1.0000	 0.9289	 0.8896	 1.0000	 1.0000	 0.9985	 1.0000	 0.9785	 0.9330
 1.00	 1.0000	 1.0000	 0.9847	 1.0000	 0.9999	 0.9820	 1.0000	 1.0000	 1.0000	 0.9986	 0.7020	 0.9194	 1.0000	 0.8893	 0.8187	 1.0000	 1.0000	 0.9975	 1.0000	 0.9625	 0.8874
 1.25	 1.0000	 1.0000	 0.9730	 1.0000	 0.9999	 0.9699	 1.0000	 1.0000	 1.0000	 0.9981	 0.5860	 0.8818	 1.0000	 0.8209	 0.7208	 1.0000	 1.0000	 0.9957	 1.0000	 0.9339	 0.8149
 1.50	 0.9999	 1.0000	 0.9556	 1.0000	 0.9998	 0.9494	 1.0000	 1.0000	 1.0000	 0.9964	 0.4621	 0.8278	 1.0000	 0.7329	 0.5924	 1.0000	 1.0000	 0.9924	 1.0000	 0.8892	 0.7202
 1.75	 1.0000	 1.0000	 0.9273	 1.0000	 0.9995	 0.9205	 1.0000	 1.0000	 1.0000	 0.9951	 0.3606	 0.7578	 1.0000	 0.6285	 0.4541	 1.0000	 1.0000	 0.9855	 1.0000	 0.8225	 0.5949
 2.00	 1.0000	 1.0000	 0.8800	 1.0000	 0.9994	 0.8715	 1.0000	 1.0000	 1.0000	 0.9921	 0.2688	 0.6810	 1.0000	 0.4972	 0.3196	 1.0000	 1.0000	 0.9758	 1.0000	 0.7241	 0.4638
 2.25	 1.0000	 1.0000	 0.8139	 1.0000	 0.9991	 0.8008	 1.0000	 1.0000	 1.0000	 0.9877	 0.1951	 0.5809	 1.0000	 0.3735	 0.2171	 1.0000	 1.0000	 0.9597	 1.0000	 0.5983	 0.3396
 2.50	 0.9998	 1.0000	 0.7179	 1.0000	 0.9987	 0.7094	 1.0000	 1.0000	 1.0000	 0.9829	 0.1383	 0.4676	 1.0000	 0.2690	 0.1373	 1.0000	 1.0000	 0.9294	 1.0000	 0.4625	 0.2346
 2.75	 0.9996	 1.0000	 0.6000	 1.0000	 0.9983	 0.5937	 1.0000	 1.0000	 1.0000	 0.9751	 0.0968	 0.3531	 1.0000	 0.1766	 0.0797	 1.0000	 1.0000	 0.8830	 1.0000	 0.3298	 0.1592
 3.00	 0.9993	 1.0000	 0.4581	 1.0000	 0.9973	 0.4575	 1.0000	 1.0000	 1.0000	 0.9636	 0.0588	 0.2548	 1.0000	 0.1107	 0.0483	 1.0000	 1.0000	 0.8102	 1.0000	 0.2205	 0.1023
 3.25	 0.9991	 1.0000	 0.3263	 1.0000	 0.9951	 0.3319	 1.0000	 1.0000	 1.0000	 0.9500	 0.0391	 0.1676	 1.0000	 0.0695	 0.0285	 1.0000	 1.0000	 0.7066	 1.0000	 0.1409	 0.0643
 3.50	 0.9988	 1.0000	 0.2182	 1.0000	 0.9926	 0.2209	 1.0000	 1.0000	 1.0000	 0.9241	 0.0243	 0.1091	 1.0000	 0.0422	 0.0158	 1.0000	 1.0000	 0.5771	 1.0000	 0.0844	 0.0387
 3.75	 0.9980	 1.0000	 0.1345	 1.0000	 0.9864	 0.1389	 1.0000	 1.0000	 1.0000	 0.8856	 0.0153	 0.0739	 1.0000	 0.0241	 0.0096	 1.0000	 1.0000	 0.4351	 1.0000	 0.0509	 0.0227
 4.00	 0.9962	 1.0000	 0.0803	 1.0000	 0.9767	 0.0842	 1.0000	 1.0000	 1.0000	 0.8222	 0.0076	 0.0525	 1.0000	 0.0143	 0.0052	 1.0000	 1.0000	 0.3045	 1.0000	 0.0297	 0.0151
 4.25	 0.9941	 1.0000	 0.0474	 1.0000	 0.9592	 0.0491	 1.0000	 1.0000	 1.0000	 0.7382	 0.0040	 0.0343	 1.0000	 0.0078	 0.0028	 1.0000	 1.0000	 0.2017	 1.0000	 0.0176	 0.0087
 4.50	 0.9906	 1.0000	 0.0272	 1.0000	 0.9303	 0.0300	 1.0000	 1.0000	 0.9999	 0.6179	 0.0032	 0.0254	 1.0000	 0.0046	 0.0017	 1.0000	 1.0000	 0.1257	 1.0000	 0.0090	 0.0051
 4.75	 0.9833	 1.0000	 0.0156	 1.0000	 0.8862	 0.0169	 1.0000	 1.0000	 0.9999	 0.4805	 0.0016	 0.0150	 1.0000	 0.0022	 0.0012	 1.0000	 1.0000	 0.0737	 1.0000	 0.0051	 0.0027
 5.00	 0.9720	 1.0000	 0.0084	 1.0000	 0.8150	 0.0101	 1.0000	 0.9999	 0.9999	 0.3421	 0.0011	 0.0107	 1.0000	 0.0015	 0.0008	 1.0000	 1.0000	 0.0436	 1.0000	 0.0033	 0.0013
 5.25	 0.9472	 1.0000	 0.0059	 1.0000	 0.7137	 0.0054	 1.0000	 0.9999	 0.9998	 0.2353	 0.0005	 0.0070	 1.0000	 0.0008	 0.0006	 1.0000	 1.0000	 0.0237	 1.0000	 0.0019	 0.0011
 5.50	 0.9119	 1.0000	 0.0030	 1.0000	 0.5855	 0.0033	 1.0000	 0.9999	 0.9995	 0.1458	 0.0002	 0.0042	 1.0000	 0.0005	 0.0005	 1.0000	 1.0000	 0.0146	 1.0000	 0.0009	 0.0007
 5.75	 0.8584	 1.0000	 0.0018	 1.0000	 0.4456	 0.0018	 0.9999	 0.9999	 0.9993	 0.0891	 0.0001	 0.0025	 1.0000	 0.0002	 0.0002	 1.0000	 1.0000	 0.0085	 0.9999	 0.0006	 0.0002
 6.00	 0.7731	 0.9999	 0.0007	 1.0000	 0.3169	 0.0012	 0.9999	 0.9998	 0.9990	 0.0554	 0.0002	 0.0013	 1.0000	 0.0001	 0.0002	 1.0000	 1.0000	 0.0057	 0.9999	 0.0004	 0.0003
 6.25	 0.6647	 0.9998	 0.0005	 1.0000	 0.2095	 0.0008	 0.9998	 0.9995	 0.9977	 0.0319	 0.0000	 0.0007	 1.0000	 0.0000	 0.0002	 1.0000	 1.0000	 0.0029	 0.9998	 0.0005	 0.0001
 6.50	 0.5300	 0.9998	 0.0004	 1.0000	 0.1312	 0.0004	 0.9997	 0.9991	 0.9951	 0.0166	 0.0000	 0.0006	 1.0000	 0.0000	 0.0000	 0.9999	 0.9999	 0.0016	 0.9996	 0.0003	 0.0001
 6.75	 0.3895	 0.9997	 0.0001	 0.9999	 0.0786	 0.0001	 0.9994	 0.9981	 0.9923	 0.0097	 0.0000	 0.0002	 1.0000	 0.0000	 0.0001	 0.9999	 0.9999	 0.0009	 0.9993	 0.0001	 0.0000
 7.00	 0.2636	 0.9995	 0.0001	 0.9999	 0.0464	 0.0001	 0.9991	 0.9967	 0.9863	 0.0058	 0.0000	 0.0001	 1.0000	 0.0000	 0.0000	 0.9999	 0.9998	 0.0003	 0.9992	 0.0001	 0.0000
 7.25	 0.1674	 0.9994	 0.0001	 0.9998	 0.0269	 0.0001	 0.9985	 0.9942	 0.9765	 0.0031	 0.0000	 0.0000	 1.0000	 0.0000	 0.0000	 0.9997	 0.9998	 0.0003	 0.9983	 0.0000	 0.0000
 7.50	 0.1029	 0.9991	 0.0001	 0.9998	 0.0149	 0.0000	 0.9971	 0.9896	 0.9603	 0.0018	 0.0000	 0.0000	 1.0000	 0.0000	 0.0000	 0.9996	 0.9998	 0.0003	 0.9969	 0.0000	 0.0000
 7.75	 0.0606	 0.9976	 0.0000	 0.9996	 0.0087	 0.0000	 0.9949	 0.9829	 0.9312	 0.0007	 0.0000	 0.0001	 0.9999	 0.0000	 0.0000	 0.9992	 0.9996	 0.0002	 0.9945	 0.0000	 0.0000
 8.00	 0.0356	 0.9959	 0.0000	 0.9993	 0.0046	 0.0000	 0.9909	 0.9695	 0.8832	 0.0004	 0.0000	 0.0000	 0.9998	 0.0000	 0.0000	 0.9989	 0.9992	 0.0001	 0.9911	 0.0000	 0.0000
 8.25	 0.0202	 0.9926	 0.0000	 0.9987	 0.0028	 0.0000	 0.9844	 0.9479	 0.8086	 0.0003	 0.0000	 0.0000	 0.9997	 0.0000	 0.0000	 0.9980	 0.9988	 0.0001	 0.9836	 0.0000	 0.0000
 8.50	 0.0116	 0.9879	 0.0000	 0.9979	 0.0017	 0.0000	 0.9731	 0.9140	 0.6997	 0.0004	 0.0000	 0.0000	 0.9992	 0.0000	 0.0000	 0.9962	 0.9973	 0.0000	 0.9709	 0.0000	 0.0000
 8.75	 0.0069	 0.9785	 0.0000	 0.9969	 0.0009	 0.0000	 0.9534	 0.8586	 0.5692	 0.0001	 0.0000	 0.0000	 0.9986	 0.0000	 0.0000	 0.9930	 0.9953	 0.0000	 0.9510	 0.0000	 0.0000
 9.00	 0.0041	 0.9615	 0.0000	 0.9930	 0.0005	 0.0000	 0.9212	 0.7772	 0.4287	 0.0000	 0.0000	 0.0000	 0.9977	 0.0000	 0.0000	 0.9884	 0.9897	 0.0000	 0.9194	 0.0000	 0.0000
 9.25	 0.0024	 0.9356	 0.0000	 0.9887	 0.0003	 0.0000	 0.8711	 0.6707	 0.2981	 0.0000	 0.0000	 0.0000	 0.9959	 0.0000	 0.0000	 0.9787	 0.9841	 0.0000	 0.8744	 0.0000	 0.0000
 9.50	 0.0013	 0.8935	 0.0000	 0.9814	 0.0001	 0.0000	 0.8018	 0.5509	 0.1913	 0.0000	 0.0000	 0.0000	 0.9933	 0.0000	 0.0000	 0.9665	 0.9723	 0.0000	 0.8015	 0.0000	 0.0000
 9.75	 0.0008	 0.8258	 0.0000	 0.9664	 0.0001	 0.0000	 0.7124	 0.4268	 0.1191	 0.0000	 0.0000	 0.0000	 0.9876	 0.0000	 0.0000	 0.9468	 0.9560	 0.0000	 0.7062	 0.0000	 0.0000
10.00	 0.0006	 0.7282	 0.0000	 0.9416	 0.0001	 0.0000	 0.6011	 0.3193	 0.0707	 0.0000	 0.0000	 0.0000	 0.9782	 0.0000	 0.0000	 0.9213	 0.9246	 0.0000	 0.5880	 0.0000	 0.0000
10.25	 0.0003	 0.6040	 0.0000	 0.9035	 0.0000	 0.0000	 0.4884	 0.2235	 0.0404	 0.0000	 0.0000	 0.0000	 0.9616	 0.0000	 0.0000	 0.8855	 0.8863	 0.0000	 0.4657	 0.0000	 0.0000
10.50	 0.0002	 0.4634	 0.0000	 0.8413	 0.0000	 0.0000	 0.3785	 0.1539	 0.0251	 0.0000	 0.0000	 0.0000	 0.9347	 0.0000	 0.0000	 0.8408	 0.8254	 0.0000	 0.3351	 0.0000	 0.0000
10.75	 0.0001	 0.3291	 0.0000	 0.7517	 0.0000	 0.0000	 0.2912	 0.0996	 0.0140	 0.0000	 0.0000	 0.0000	 0.8906	 0.0000	 0.0000	 0.7809	 0.7433	 0.0000	 0.2276	 0.0000	 0.0000
11.00	 0.0001	 0.2158	 0.0000	 0.6354	 0.0000	 0.0000	 0.2217	 0.0604	 0.0075	 0.0000	 0.0000	 0.0000	 0.8214	 0.0000	 0.0000	 0.7049	 0.6411	 0.0000	 0.1431	 0.0000	 0.0000
11.25	 0.0000	 0.1370	 0.0000	 0.5042	 0.0000	 0.0000	 0.1684	 0.0383	 0.0046	 0.0000	 0.0000	 0.0000	 0.7231	 0.0000	 0.0000	 0.6156	 0.5172	 0.0000	 0.0864	 0.0000	 0.0000
11.50	 0.0000	 0.0815	 0.0000	 0.3655	 0.0000	 0.0000	 0.1279	 0.0229	 0.0025	 0.0000	 0.0000	 0.0000	 0.5928	 0.0000	 0.0000	 0.5096	 0.3899	 0.0000	 0.0511	 0.0000	 0.0000
11.75	 0.0000	 0.0495	 0.0000	 0.2482	 0.0000	 0.0000	 0.0923	 0.0132	 0.0015	 0.0000	 0.0000	 0.0000	 0.4541	 0.0000	 0.0000	 0.3929	 0.2798	 0.0000	 0.0309	 0.0000	 0.0000
12.00	 0.0000	 0.0286	 0.0000	 0.1579	 0.0000	 0.0000	 0.0642	 0.0078	 0.0008	 0.0000	 0.0000	 0.0000	 0.3157	 0.0000	 0.0000	 0.2808	 0.1851	 0.0000	 0.0167	 0.0000	 0.0000