    1 NTR 7.259807097099259    A  
    1 LYS 11.394328976501678   A  
    7 GLU 3.083932274905242    A  
   13 LYS 11.433117816091954   A  
   15 HIS 5.602456576551337    A  
   18 ASP 3.5354670005892754   A  
   20 TYR 9.440496700879766    A  
   23 TYR 9.251285520974289    A  
   33 LYS 10.468318584070797   A  
   35 GLU 5.099259000620733    A  
   48 ASP 1.123380758314533    A  
   52 ASP 3.563827229745973    A  
   53 TYR 11.61433974646817    A  
   66 ASP 1.6027823843744242   A  
   87 ASP 1.981450131469942    A  
   96 LYS 11.46693296492071    A  
   97 LYS 10.8984193868914     A  
  101 ASP 3.8420872619707893   A  
  116 LYS 10.503448521046645   A  
  119 ASP 2.2670286278381044   A  
  129 CTR 1.9043897749928795   A  
