1 NTR 7.27176027669
1 LYS 10.3937221948
7 GLU 3.22691088604
13 LYS 11.2358770159
15 HIS 5.46371037257
18 ASP 3.07103882277
20 TYR 10.9286673242
23 TYR 9.82903656737
24 SER 100.0
33 LYS 8.40155660726
35 GLU 5.07096048889
36 SER 100.0
40 THR 100.0
43 THR 100.0
47 THR 100.0
48 ASP 1.80501072633
50 SER 100.0
51 THR 100.0
52 ASP 2.56686940249
53 TYR 12.0932268441
60 SER 100.0
66 ASP 2.46614119402
69 THR 100.0
72 SER 100.0
81 SER 100.0
85 SER 100.0
86 SER 100.0
87 ASP 2.50210229236
89 THR 100.0
91 SER 100.0
96 LYS 11.2303901135
97 LYS 11.1035082305
100 SER 100.0
101 ASP 3.84230547343
116 LYS 10.0333360215
118 THR 100.0
119 ASP 2.51898272553
129 CTR 2.29611980314
