# pH      total     NTR   18ASP   35GLU   48ASP   66ASP     CTR
 0.00	 5.9264	 1.0000	 0.9990	 1.0000	 0.9841	 0.9473	 0.9960
 0.50	 5.7836	 1.0000	 0.9971	 0.9999	 0.9497	 0.8499	 0.9869
 1.00	 5.4667	 1.0000	 0.9911	 0.9999	 0.8637	 0.6518	 0.9602
 1.50	 4.9322	 1.0000	 0.9724	 0.9997	 0.6915	 0.3834	 0.8852
 2.00	 4.2325	 0.9999	 0.9224	 0.9989	 0.4302	 0.1753	 0.7058
 2.50	 3.4990	 0.9999	 0.7926	 0.9962	 0.1958	 0.0671	 0.4474
 3.00	 2.8591	 0.9997	 0.5664	 0.9896	 0.0719	 0.0219	 0.2097
 3.50	 2.3858	 0.9990	 0.3021	 0.9691	 0.0252	 0.0075	 0.0830
 4.00	 2.0644	 0.9954	 0.1175	 0.9121	 0.0076	 0.0022	 0.0296
 4.50	 1.8037	 0.9879	 0.0414	 0.7605	 0.0029	 0.0007	 0.0102
 5.00	 1.4808	 0.9621	 0.0148	 0.4995	 0.0011	 0.0005	 0.0027
 5.50	 1.1384	 0.8920	 0.0053	 0.2398	 0.0003	 0.0003	 0.0008
 6.00	 0.8187	 0.7261	 0.0013	 0.0907	 0.0002	 0.0000	 0.0005
 6.50	 0.4871	 0.4578	 0.0002	 0.0289	 0.0001	 0.0000	 0.0001
 7.00	 0.2185	 0.2081	 0.0001	 0.0104	 0.0000	 0.0000	 0.0000
 7.50	 0.0812	 0.0775	 0.0000	 0.0037	 0.0000	 0.0000	 0.0000
 8.00	 0.0265	 0.0257	 0.0000	 0.0008	 0.0000	 0.0000	 0.0000
 8.50	 0.0087	 0.0084	 0.0000	 0.0003	 0.0000	 0.0000	 0.0000
 9.00	 0.0024	 0.0023	 0.0000	 0.0001	 0.0000	 0.0000	 0.0000
 9.50	 0.0008	 0.0008	 0.0000	 0.0000	 0.0000	 0.0000	 0.0000
10.00	 0.0003	 0.0003	 0.0000	 0.0000	 0.0000	 0.0000	 0.0000
10.50	 0.0001	 0.0001	 0.0000	 0.0000	 0.0000	 0.0000	 0.0000
11.00	 0.0000	 0.0000	 0.0000	 0.0000	 0.0000	 0.0000	 0.0000
11.50	 0.0000	 0.0000	 0.0000	 0.0000	 0.0000	 0.0000	 0.0000
12.00	 0.0000	 0.0000	 0.0000	 0.0000	 0.0000	 0.0000	 0.0000
12.50	 0.0000	 0.0000	 0.0000	 0.0000	 0.0000	 0.0000	 0.0000
13.00	 0.0000	 0.0000	 0.0000	 0.0000	 0.0000	 0.0000	 0.0000
13.50	 0.0000	 0.0000	 0.0000	 0.0000	 0.0000	 0.0000	 0.0000
14.00	 0.0000	 0.0000	 0.0000	 0.0000	 0.0000	 0.0000	 0.0000
14.50	 0.0000	 0.0000	 0.0000	 0.0000	 0.0000	 0.0000	 0.0000
15.00	 0.0000	 0.0000	 0.0000	 0.0000	 0.0000	 0.0000	 0.0000