1 NTR 7.021729169603835
1 LYS 11.447773471775372
7 GLU 2.703756759660495
13 LYS 11.40554853575145
15 HIS 5.357292150487692
18 ASP 3.2217731611864964
20 TYR 9.523961851778264
23 TYR 9.455298896319698
33 LYS 10.399701188090466
35 GLU 5.20290768685237
48 ASP 0.49039240652853344
52 ASP 3.3447175292408837
53 TYR 12.538917651997481
66 ASP 1.0626991133458719
87 ASP 1.3134831064400085
96 LYS 11.6247584193429
97 LYS 11.000272408087493
101 ASP 3.6169483740584236
116 LYS 10.5365342848278
119 ASP 1.8852660347332735
129 CTR 1.8262415287190312
