1 NTR 6.821154316031973
1 LYS 11.458893377633467
7 GLU 2.780793995504248
13 LYS 11.427540024033803
15 HIS 5.332247527933459
18 ASP 3.1230779327932794
20 TYR 9.503967758060485
23 TYR 9.7589818374652
24 SER 100.0
33 LYS 10.310266261615439
35 GLU 5.112875951201836
36 SER 100.0
40 THR 100.0
43 THR 100.0
47 THR 100.0
48 ASP 1.0845538246377373
50 SER 100.0
51 THR 100.0
52 ASP 3.233030838089763
53 TYR 12.85907898571845
60 SER 100.0
66 ASP 1.0431440012440711
69 THR 100.0
72 SER 100.0
81 SER 100.0
85 SER 100.0
86 SER 100.0
87 ASP 1.718485179123477
89 THR 100.0
91 SER 100.0
96 LYS 11.71971032176428
97 LYS 11.03884513396921
100 SER 100.0
101 ASP 3.5271243308452087
116 LYS 10.480025022649812
118 THR 100.0
119 ASP 1.8538125568698818
129 CTR 1.6666477100394297
