#pH       total     NTR    1LYS    7GLU   13LYS   15HIS   18ASP   20TYR   23TYR   33LYS   35GLU   48ASP   52ASP   53TYR   66ASP   87ASP   96LYS   97LYS  101ASP  116LYS  119ASP     CTR
 0.00	 0.9792	 1.0000	 1.0000	 0.9975	 1.0000	 1.0000	 0.9989	 1.0000	 1.0000	 1.0000	 1.0000	 0.7451	 0.9982	 1.0000	 0.9020	 0.9506	 1.0000	 1.0000	 0.9996	 1.0000	 0.9874	 0.9840
 0.25	 0.9679	 1.0000	 1.0000	 0.9954	 1.0000	 0.9999	 0.9983	 1.0000	 1.0000	 1.0000	 0.9999	 0.6246	 0.9971	 1.0000	 0.8448	 0.9181	 1.0000	 1.0000	 0.9994	 1.0000	 0.9767	 0.9709
 0.50	 0.9531	 1.0000	 1.0000	 0.9917	 1.0000	 0.9999	 0.9964	 1.0000	 1.0000	 1.0000	 0.9998	 0.4950	 0.9958	 1.0000	 0.7653	 0.8621	 1.0000	 1.0000	 0.9990	 1.0000	 0.9596	 0.9513
 0.75	 0.9345	 1.0000	 1.0000	 0.9857	 1.0000	 0.9998	 0.9938	 1.0000	 1.0000	 1.0000	 0.9995	 0.3651	 0.9935	 1.0000	 0.6606	 0.7786	 1.0000	 1.0000	 0.9982	 1.0000	 0.9304	 0.9201
 1.00	 0.9120	 1.0000	 1.0000	 0.9762	 1.0000	 0.9998	 0.9892	 1.0000	 1.0000	 1.0000	 0.9993	 0.2550	 0.9910	 1.0000	 0.5327	 0.6665	 1.0000	 1.0000	 0.9966	 1.0000	 0.8833	 0.8612
 1.25	 0.8866	 1.0000	 1.0000	 0.9588	 1.0000	 0.9994	 0.9817	 1.0000	 1.0000	 1.0000	 0.9989	 0.1689	 0.9856	 1.0000	 0.4024	 0.5360	 1.0000	 1.0000	 0.9948	 1.0000	 0.8102	 0.7827
 1.50	 0.8588	 1.0000	 1.0000	 0.9329	 1.0000	 0.9993	 0.9707	 1.0000	 1.0000	 1.0000	 0.9982	 0.1091	 0.9783	 1.0000	 0.2823	 0.3942	 1.0000	 1.0000	 0.9902	 1.0000	 0.7055	 0.6748
 1.75	 0.8301	 1.0000	 1.0000	 0.8897	 1.0000	 0.9993	 0.9529	 1.0000	 1.0000	 1.0000	 0.9973	 0.0656	 0.9674	 1.0000	 0.1857	 0.2712	 1.0000	 1.0000	 0.9834	 1.0000	 0.5782	 0.5412
 2.00	 0.8015	 1.0000	 1.0000	 0.8257	 1.0000	 0.9988	 0.9259	 1.0000	 1.0000	 1.0000	 0.9955	 0.0422	 0.9444	 1.0000	 0.1126	 0.1745	 1.0000	 1.0000	 0.9725	 1.0000	 0.4337	 0.4062
 2.25	 0.7745	 1.0000	 1.0000	 0.7323	 1.0000	 0.9983	 0.8853	 1.0000	 1.0000	 1.0000	 0.9926	 0.0236	 0.9088	 1.0000	 0.0702	 0.1126	 1.0000	 1.0000	 0.9503	 1.0000	 0.3038	 0.2856
 2.50	 0.7485	 0.9999	 1.0000	 0.6138	 1.0000	 0.9966	 0.8233	 1.0000	 1.0000	 1.0000	 0.9881	 0.0143	 0.8553	 1.0000	 0.0430	 0.0671	 1.0000	 1.0000	 0.9191	 1.0000	 0.2046	 0.1937
 2.75	 0.7218	 0.9999	 1.0000	 0.4742	 1.0000	 0.9958	 0.7395	 1.0000	 1.0000	 1.0000	 0.9797	 0.0097	 0.7764	 1.0000	 0.0252	 0.0408	 1.0000	 1.0000	 0.8647	 1.0000	 0.1230	 0.1285
 3.00	 0.6942	 0.9998	 1.0000	 0.3332	 1.0000	 0.9936	 0.6213	 1.0000	 1.0000	 1.0000	 0.9677	 0.0066	 0.6703	 1.0000	 0.0145	 0.0258	 1.0000	 1.0000	 0.7901	 1.0000	 0.0760	 0.0796
 3.25	 0.6673	 0.9998	 1.0000	 0.2273	 1.0000	 0.9884	 0.4846	 1.0000	 1.0000	 1.0000	 0.9556	 0.0041	 0.5496	 1.0000	 0.0092	 0.0157	 1.0000	 1.0000	 0.6861	 1.0000	 0.0440	 0.0488
 3.50	 0.6414	 0.9996	 1.0000	 0.1462	 1.0000	 0.9824	 0.3448	 1.0000	 1.0000	 1.0000	 0.9396	 0.0034	 0.4188	 1.0000	 0.0053	 0.0090	 1.0000	 1.0000	 0.5637	 1.0000	 0.0241	 0.0316
 3.75	 0.6188	 0.9993	 1.0000	 0.0867	 1.0000	 0.9714	 0.2345	 1.0000	 1.0000	 1.0000	 0.9169	 0.0017	 0.3153	 1.0000	 0.0031	 0.0057	 1.0000	 1.0000	 0.4276	 1.0000	 0.0145	 0.0183
 4.00	 0.6001	 0.9985	 1.0000	 0.0525	 1.0000	 0.9523	 0.1528	 1.0000	 1.0000	 1.0000	 0.8882	 0.0010	 0.2289	 1.0000	 0.0017	 0.0033	 1.0000	 1.0000	 0.3039	 1.0000	 0.0076	 0.0116
 4.25	 0.5845	 0.9982	 1.0000	 0.0315	 1.0000	 0.9215	 0.0918	 1.0000	 1.0000	 1.0000	 0.8521	 0.0006	 0.1671	 1.0000	 0.0012	 0.0022	 1.0000	 1.0000	 0.1985	 1.0000	 0.0041	 0.0059
 4.50	 0.5712	 0.9964	 1.0000	 0.0192	 1.0000	 0.8734	 0.0568	 1.0000	 1.0000	 1.0000	 0.7919	 0.0002	 0.1209	 1.0000	 0.0005	 0.0010	 1.0000	 1.0000	 0.1281	 1.0000	 0.0027	 0.0036
 4.75	 0.5578	 0.9936	 1.0000	 0.0102	 1.0000	 0.7948	 0.0323	 1.0000	 1.0000	 1.0000	 0.7103	 0.0003	 0.0946	 1.0000	 0.0003	 0.0007	 1.0000	 1.0000	 0.0737	 1.0000	 0.0012	 0.0021
 5.00	 0.5443	 0.9886	 1.0000	 0.0060	 1.0000	 0.6949	 0.0187	 0.9999	 1.0000	 1.0000	 0.6030	 0.0001	 0.0683	 1.0000	 0.0003	 0.0007	 1.0000	 1.0000	 0.0470	 1.0000	 0.0008	 0.0013
 5.25	 0.5292	 0.9830	 1.0000	 0.0036	 1.0000	 0.5601	 0.0116	 0.9999	 1.0000	 1.0000	 0.4761	 0.0001	 0.0494	 1.0000	 0.0001	 0.0002	 1.0000	 1.0000	 0.0277	 1.0000	 0.0004	 0.0009
 5.50	 0.5140	 0.9672	 1.0000	 0.0019	 1.0000	 0.4201	 0.0062	 0.9999	 0.9999	 1.0000	 0.3485	 0.0000	 0.0332	 1.0000	 0.0000	 0.0001	 1.0000	 1.0000	 0.0165	 1.0000	 0.0004	 0.0005
 5.75	 0.5006	 0.9472	 1.0000	 0.0014	 1.0000	 0.2934	 0.0037	 0.9998	 0.9998	 1.0000	 0.2348	 0.0000	 0.0219	 1.0000	 0.0000	 0.0001	 1.0000	 1.0000	 0.0094	 0.9999	 0.0002	 0.0003
 6.00	 0.4892	 0.9095	 1.0000	 0.0006	 1.0000	 0.1908	 0.0021	 0.9997	 0.9995	 1.0000	 0.1515	 0.0000	 0.0133	 1.0000	 0.0000	 0.0001	 1.0000	 1.0000	 0.0058	 0.9999	 0.0000	 0.0000
 6.25	 0.4796	 0.8508	 1.0000	 0.0005	 1.0000	 0.1194	 0.0014	 0.9993	 0.9992	 0.9998	 0.0905	 0.0000	 0.0084	 1.0000	 0.0000	 0.0001	 1.0000	 0.9999	 0.0032	 0.9999	 0.0000	 0.0000
 6.50	 0.4711	 0.7658	 1.0000	 0.0004	 1.0000	 0.0711	 0.0006	 0.9988	 0.9988	 0.9998	 0.0523	 0.0000	 0.0047	 1.0000	 0.0000	 0.0001	 0.9999	 1.0000	 0.0020	 0.9996	 0.0000	 0.0000
 6.75	 0.4628	 0.6467	 1.0000	 0.0001	 1.0000	 0.0426	 0.0006	 0.9980	 0.9975	 0.9997	 0.0315	 0.0000	 0.0023	 1.0000	 0.0000	 0.0001	 0.9999	 0.9999	 0.0007	 0.9996	 0.0000	 0.0000
 7.00	 0.4547	 0.5123	 1.0000	 0.0000	 0.9999	 0.0247	 0.0003	 0.9962	 0.9954	 0.9995	 0.0183	 0.0000	 0.0016	 1.0000	 0.0000	 0.0001	 0.9999	 0.9998	 0.0004	 0.9993	 0.0000	 0.0000
 7.25	 0.4466	 0.3705	 0.9999	 0.0000	 0.9998	 0.0144	 0.0001	 0.9936	 0.9919	 0.9992	 0.0104	 0.0000	 0.0008	 1.0000	 0.0000	 0.0001	 0.9996	 0.9997	 0.0006	 0.9989	 0.0000	 0.0000
 7.50	 0.4397	 0.2476	 0.9998	 0.0000	 0.9998	 0.0085	 0.0001	 0.9883	 0.9870	 0.9987	 0.0059	 0.0000	 0.0004	 1.0000	 0.0000	 0.0000	 0.9996	 0.9992	 0.0002	 0.9979	 0.0000	 0.0000
 7.75	 0.4340	 0.1565	 0.9996	 0.0000	 0.9998	 0.0048	 0.0001	 0.9799	 0.9765	 0.9975	 0.0036	 0.0000	 0.0004	 1.0000	 0.0000	 0.0000	 0.9989	 0.9990	 0.0002	 0.9964	 0.0000	 0.0000
 8.00	 0.4290	 0.0940	 0.9997	 0.0000	 0.9993	 0.0026	 0.0000	 0.9654	 0.9595	 0.9956	 0.0023	 0.0000	 0.0003	 1.0000	 0.0000	 0.0000	 0.9983	 0.9982	 0.0001	 0.9938	 0.0000	 0.0000
 8.25	 0.4239	 0.0556	 0.9990	 0.0000	 0.9990	 0.0014	 0.0000	 0.9408	 0.9310	 0.9925	 0.0011	 0.0000	 0.0001	 0.9999	 0.0000	 0.0000	 0.9964	 0.9964	 0.0000	 0.9881	 0.0000	 0.0000
 8.50	 0.4176	 0.0317	 0.9986	 0.0000	 0.9984	 0.0009	 0.0000	 0.8997	 0.8837	 0.9869	 0.0009	 0.0000	 0.0000	 0.9999	 0.0000	 0.0000	 0.9942	 0.9940	 0.0000	 0.9809	 0.0000	 0.0000
 8.75	 0.4090	 0.0179	 0.9976	 0.0000	 0.9968	 0.0006	 0.0000	 0.8382	 0.8144	 0.9772	 0.0004	 0.0000	 0.0001	 0.9998	 0.0000	 0.0000	 0.9909	 0.9889	 0.0000	 0.9669	 0.0000	 0.0000
 9.00	 0.3974	 0.0103	 0.9956	 0.0000	 0.9951	 0.0003	 0.0000	 0.7506	 0.7198	 0.9599	 0.0001	 0.0000	 0.0000	 0.9997	 0.0000	 0.0000	 0.9865	 0.9831	 0.0000	 0.9447	 0.0000	 0.0000
 9.25	 0.3825	 0.0063	 0.9927	 0.0000	 0.9913	 0.0002	 0.0000	 0.6403	 0.6001	 0.9313	 0.0002	 0.0000	 0.0000	 0.9995	 0.0000	 0.0000	 0.9806	 0.9727	 0.0000	 0.9170	 0.0000	 0.0000
 9.50	 0.3642	 0.0033	 0.9856	 0.0000	 0.9861	 0.0001	 0.0000	 0.5121	 0.4782	 0.8867	 0.0000	 0.0000	 0.0001	 0.9990	 0.0000	 0.0000	 0.9682	 0.9549	 0.0000	 0.8742	 0.0000	 0.0000
 9.75	 0.3439	 0.0021	 0.9785	 0.0000	 0.9762	 0.0001	 0.0000	 0.3862	 0.3649	 0.8137	 0.0001	 0.0000	 0.0000	 0.9979	 0.0000	 0.0000	 0.9556	 0.9298	 0.0000	 0.8166	 0.0000	 0.0000
10.00	 0.3210	 0.0013	 0.9632	 0.0000	 0.9559	 0.0001	 0.0000	 0.2814	 0.2629	 0.7126	 0.0001	 0.0000	 0.0000	 0.9969	 0.0000	 0.0000	 0.9380	 0.8877	 0.0000	 0.7416	 0.0000	 0.0000
10.25	 0.2963	 0.0006	 0.9355	 0.0000	 0.9272	 0.0001	 0.0000	 0.2032	 0.1921	 0.5837	 0.0000	 0.0000	 0.0000	 0.9943	 0.0000	 0.0000	 0.9124	 0.8322	 0.0000	 0.6410	 0.0000	 0.0000
10.50	 0.2676	 0.0006	 0.8910	 0.0000	 0.8754	 0.0000	 0.0000	 0.1459	 0.1338	 0.4439	 0.0001	 0.0000	 0.0000	 0.9907	 0.0000	 0.0000	 0.8749	 0.7445	 0.0000	 0.5188	 0.0000	 0.0000
10.75	 0.2371	 0.0003	 0.8256	 0.0000	 0.8092	 0.0000	 0.0000	 0.1050	 0.0925	 0.3120	 0.0001	 0.0000	 0.0000	 0.9834	 0.0000	 0.0000	 0.8310	 0.6291	 0.0000	 0.3899	 0.0000	 0.0000
11.00	 0.2039	 0.0002	 0.7307	 0.0000	 0.7085	 0.0000	 0.0000	 0.0818	 0.0593	 0.2047	 0.0000	 0.0000	 0.0000	 0.9703	 0.0000	 0.0000	 0.7551	 0.5001	 0.0000	 0.2703	 0.0000	 0.0000
11.25	 0.1709	 0.0001	 0.6082	 0.0000	 0.5837	 0.0000	 0.0000	 0.0606	 0.0376	 0.1275	 0.0000	 0.0000	 0.0000	 0.9491	 0.0000	 0.0000	 0.6698	 0.3762	 0.0000	 0.1763	 0.0000	 0.0000
11.50	 0.1390	 0.0001	 0.4714	 0.0000	 0.4492	 0.0000	 0.0000	 0.0461	 0.0240	 0.0776	 0.0000	 0.0000	 0.0000	 0.9151	 0.0000	 0.0000	 0.5607	 0.2653	 0.0000	 0.1096	 0.0000	 0.0000
11.75	 0.1093	 0.0000	 0.3390	 0.0000	 0.3218	 0.0000	 0.0000	 0.0322	 0.0145	 0.0462	 0.0000	 0.0000	 0.0000	 0.8601	 0.0000	 0.0000	 0.4391	 0.1782	 0.0000	 0.0638	 0.0000	 0.0000
12.00	 0.0834	 0.0000	 0.2278	 0.0000	 0.2190	 0.0000	 0.0000	 0.0210	 0.0079	 0.0268	 0.0000	 0.0000	 0.0000	 0.7743	 0.0000	 0.0000	 0.3233	 0.1142	 0.0000	 0.0381	 0.0000	 0.0000
12.25	 0.0614	 0.0001	 0.1430	 0.0000	 0.1374	 0.0000	 0.0000	 0.0141	 0.0055	 0.0156	 0.0000	 0.0000	 0.0000	 0.6594	 0.0000	 0.0000	 0.2214	 0.0708	 0.0000	 0.0217	 0.0000	 0.0000
12.50	 0.0433	 0.0000	 0.0876	 0.0000	 0.0828	 0.0000	 0.0000	 0.0086	 0.0027	 0.0090	 0.0000	 0.0000	 0.0000	 0.5222	 0.0000	 0.0000	 0.1414	 0.0430	 0.0000	 0.0120	 0.0000	 0.0000
12.75	 0.0290	 0.0000	 0.0517	 0.0000	 0.0485	 0.0000	 0.0000	 0.0053	 0.0016	 0.0046	 0.0000	 0.0000	 0.0000	 0.3793	 0.0000	 0.0000	 0.0854	 0.0255	 0.0000	 0.0064	 0.0000	 0.0000
13.00	 0.0187	 0.0000	 0.0300	 0.0000	 0.0283	 0.0000	 0.0000	 0.0034	 0.0010	 0.0028	 0.0000	 0.0000	 0.0000	 0.2569	 0.0000	 0.0000	 0.0503	 0.0150	 0.0000	 0.0040	 0.0000	 0.0000
13.25	 0.0115	 0.0000	 0.0171	 0.0000	 0.0162	 0.0000	 0.0000	 0.0018	 0.0008	 0.0016	 0.0000	 0.0000	 0.0000	 0.1639	 0.0000	 0.0000	 0.0294	 0.0085	 0.0000	 0.0024	 0.0000	 0.0000
13.50	 0.0069	 0.0000	 0.0098	 0.0000	 0.0087	 0.0000	 0.0000	 0.0014	 0.0003	 0.0009	 0.0000	 0.0000	 0.0000	 0.1012	 0.0000	 0.0000	 0.0171	 0.0048	 0.0000	 0.0012	 0.0000	 0.0000
13.75	 0.0040	 0.0000	 0.0054	 0.0000	 0.0052	 0.0000	 0.0000	 0.0008	 0.0002	 0.0005	 0.0000	 0.0000	 0.0000	 0.0580	 0.0000	 0.0000	 0.0099	 0.0026	 0.0000	 0.0007	 0.0000	 0.0000
14.00	 0.0023	 0.0000	 0.0032	 0.0000	 0.0030	 0.0000	 0.0000	 0.0004	 0.0000	 0.0003	 0.0000	 0.0000	 0.0000	 0.0332	 0.0000	 0.0000	 0.0055	 0.0013	 0.0000	 0.0004	 0.0000	 0.0000